# JRE version: Java(TM) SE Runtime Environment (7.0_75-b13) (build 1.7.0_75-b13)
# Java VM: Java HotSpot(TM) 64-Bit Server VM (24.75-b04 mixed mode linux-amd64 compressed oops)
Heap
 PSYoungGen      total 233472K, used 0K [0x00000000eaa80000, 0x0000000100000000, 0x0000000100000000)
  eden space 117248K, 0% used [0x00000000eaa80000,0x00000000eaa80000,0x00000000f1d00000)
  from space 116224K, 0% used [0x00000000f8e80000,0x00000000f8e80000,0x0000000100000000)
  to   space 116224K, 0% used [0x00000000f1d00000,0x00000000f1d00000,0x00000000f8e80000)
 ParOldGen       total 643584K, used 619759K [0x00000000c0000000, 0x00000000e7480000, 0x00000000eaa80000)
  object space 643584K, 96% used [0x00000000c0000000,0x00000000e5d3bde0,0x00000000e7480000)
 PSPermGen       total 21504K, used 6156K [0x00000000bae00000, 0x00000000bc300000, 0x00000000c0000000)
  object space 21504K, 28% used [0x00000000bae00000,0x00000000bb403050,0x00000000bc300000)
GC Heap History (10 events):
Event: 22.482 GC heap after
Heap after GC invocations=32 (full 4):
 PSYoungGen      total 227328K, used 78886K [0x00000000eaa80000, 0x0000000100000000, 0x0000000100000000)
  eden space 119296K, 0% used [0x00000000eaa80000,0x00000000eaa80000,0x00000000f1f00000)
  from space 108032K, 73% used [0x00000000f8e80000,0x00000000fdb89b30,0x00000000ff800000)
  to   space 114176K, 0% used [0x00000000f1f00000,0x00000000f1f00000,0x00000000f8e80000)
 ParOldGen       total 643584K, used 468365K [0x00000000c0000000, 0x00000000e7480000, 0x00000000eaa80000)
  object space 643584K, 72% used [0x00000000c0000000,0x00000000dc9636e8,0x00000000e7480000)
 PSPermGen       total 21504K, used 6147K [0x00000000bae00000, 0x00000000bc300000, 0x00000000c0000000)
  object space 21504K, 28% used [0x00000000bae00000,0x00000000bb400eb0,0x00000000bc300000)
}
Event: 22.661 GC heap before
{Heap before GC invocations=33 (full 4):
 PSYoungGen      total 227328K, used 198182K [0x00000000eaa80000, 0x0000000100000000, 0x0000000100000000)
  eden space 119296K, 100% used [0x00000000eaa80000,0x00000000f1f00000,0x00000000f1f00000)
  from space 108032K, 73% used [0x00000000f8e80000,0x00000000fdb89b30,0x00000000ff800000)
  to   space 114176K, 0% used [0x00000000f1f00000,0x00000000f1f00000,0x00000000f8e80000)
 ParOldGen       total 643584K, used 468365K [0x00000000c0000000, 0x00000000e7480000, 0x00000000eaa80000)
  object space 643584K, 72% used [0x00000000c0000000,0x00000000dc9636e8,0x00000000e7480000)
 PSPermGen       total 21504K, used 6148K [0x00000000bae00000, 0x00000000bc300000, 0x00000000c0000000)
  object space 21504K, 28% used [0x00000000bae00000,0x00000000bb401330,0x00000000bc300000)
Event: 22.769 GC heap after
Heap after GC invocations=33 (full 4):
 PSYoungGen      total 233472K, used 98540K [0x00000000eaa80000, 0x0000000100000000, 0x0000000100000000)
  eden space 119296K, 0% used [0x00000000eaa80000,0x00000000eaa80000,0x00000000f1f00000)
  from space 114176K, 86% used [0x00000000f1f00000,0x00000000f7f3b3c8,0x00000000f8e80000)
  to   space 116224K, 0% used [0x00000000f8e80000,0x00000000f8e80000,0x0000000100000000)
 ParOldGen       total 643584K, used 468365K [0x00000000c0000000, 0x00000000e7480000, 0x00000000eaa80000)
  object space 643584K, 72% used [0x00000000c0000000,0x00000000dc9636e8,0x00000000e7480000)
 PSPermGen       total 21504K, used 6148K [0x00000000bae00000, 0x00000000bc300000, 0x00000000c0000000)
  object space 21504K, 28% used [0x00000000bae00000,0x00000000bb401330,0x00000000bc300000)
}
Event: 23.048 GC heap before
{Heap before GC invocations=34 (full 4):
 PSYoungGen      total 233472K, used 217836K [0x00000000eaa80000, 0x0000000100000000, 0x0000000100000000)
  eden space 119296K, 100% used [0x00000000eaa80000,0x00000000f1f00000,0x00000000f1f00000)
  from space 114176K, 86% used [0x00000000f1f00000,0x00000000f7f3b3c8,0x00000000f8e80000)
  to   space 116224K, 0% used [0x00000000f8e80000,0x00000000f8e80000,0x0000000100000000)
 ParOldGen       total 643584K, used 468365K [0x00000000c0000000, 0x00000000e7480000, 0x00000000eaa80000)
  object space 643584K, 72% used [0x00000000c0000000,0x00000000dc9636e8,0x00000000e7480000)
 PSPermGen       total 21504K, used 6150K [0x00000000bae00000, 0x00000000bc300000, 0x00000000c0000000)
  object space 21504K, 28% used [0x00000000bae00000,0x00000000bb401bb0,0x00000000bc300000)
Event: 23.198 GC heap after
Heap after GC invocations=34 (full 4):
 PSYoungGen      total 233472K, used 84784K [0x00000000eaa80000, 0x0000000100000000, 0x0000000100000000)
  eden space 117248K, 0% used [0x00000000eaa80000,0x00000000eaa80000,0x00000000f1d00000)
  from space 116224K, 72% used [0x00000000f8e80000,0x00000000fe14c050,0x0000000100000000)
  to   space 116224K, 0% used [0x00000000f1d00000,0x00000000f1d00000,0x00000000f8e80000)
 ParOldGen       total 643584K, used 505103K [0x00000000c0000000, 0x00000000e7480000, 0x00000000eaa80000)
  object space 643584K, 78% used [0x00000000c0000000,0x00000000ded43eb8,0x00000000e7480000)
 PSPermGen       total 21504K, used 6150K [0x00000000bae00000, 0x00000000bc300000, 0x00000000c0000000)
  object space 21504K, 28% used [0x00000000bae00000,0x00000000bb401bb0,0x00000000bc300000)
}
Event: 23.424 GC heap before
{Heap before GC invocations=35 (full 4):
 PSYoungGen      total 233472K, used 202032K [0x00000000eaa80000, 0x0000000100000000, 0x0000000100000000)
  eden space 117248K, 100% used [0x00000000eaa80000,0x00000000f1d00000,0x00000000f1d00000)
  from space 116224K, 72% used [0x00000000f8e80000,0x00000000fe14c050,0x0000000100000000)
  to   space 116224K, 0% used [0x00000000f1d00000,0x00000000f1d00000,0x00000000f8e80000)
 ParOldGen       total 643584K, used 505563K [0x00000000c0000000, 0x00000000e7480000, 0x00000000eaa80000)
  object space 643584K, 78% used [0x00000000c0000000,0x00000000dedb6e28,0x00000000e7480000)
 PSPermGen       total 21504K, used 6156K [0x00000000bae00000, 0x00000000bc300000, 0x00000000c0000000)
  object space 21504K, 28% used [0x00000000bae00000,0x00000000bb403098,0x00000000bc300000)
Event: 23.566 GC heap after
Heap after GC invocations=35 (full 4):
 PSYoungGen      total 233472K, used 62627K [0x00000000eaa80000, 0x0000000100000000, 0x0000000100000000)
  eden space 117248K, 0% used [0x00000000eaa80000,0x00000000eaa80000,0x00000000f1d00000)
  from space 116224K, 53% used [0x00000000f1d00000,0x00000000f5a28e68,0x00000000f8e80000)
  to   space 116224K, 0% used [0x00000000f8e80000,0x00000000f8e80000,0x0000000100000000)
 ParOldGen       total 643584K, used 546912K [0x00000000c0000000, 0x00000000e7480000, 0x00000000eaa80000)
  object space 643584K, 84% used [0x00000000c0000000,0x00000000e1618028,0x00000000e7480000)
 PSPermGen       total 21504K, used 6156K [0x00000000bae00000, 0x00000000bc300000, 0x00000000c0000000)
  object space 21504K, 28% used [0x00000000bae00000,0x00000000bb403098,0x00000000bc300000)
}
Event: 23.735 GC heap before
{Heap before GC invocations=36 (full 4):
 PSYoungGen      total 233472K, used 179875K [0x00000000eaa80000, 0x0000000100000000, 0x0000000100000000)
  eden space 117248K, 100% used [0x00000000eaa80000,0x00000000f1d00000,0x00000000f1d00000)
  from space 116224K, 53% used [0x00000000f1d00000,0x00000000f5a28e68,0x00000000f8e80000)
  to   space 116224K, 0% used [0x00000000f8e80000,0x00000000f8e80000,0x0000000100000000)
 ParOldGen       total 643584K, used 546914K [0x00000000c0000000, 0x00000000e7480000, 0x00000000eaa80000)
  object space 643584K, 84% used [0x00000000c0000000,0x00000000e16188e0,0x00000000e7480000)
 PSPermGen       total 21504K, used 6156K [0x00000000bae00000, 0x00000000bc300000, 0x00000000c0000000)
  object space 21504K, 28% used [0x00000000bae00000,0x00000000bb403170,0x00000000bc300000)
Event: 23.832 GC heap after
Heap after GC invocations=36 (full 4):
 PSYoungGen      total 233472K, used 38551K [0x00000000eaa80000, 0x0000000100000000, 0x0000000100000000)
  eden space 117248K, 0% used [0x00000000eaa80000,0x00000000eaa80000,0x00000000f1d00000)
  from space 116224K, 33% used [0x00000000f8e80000,0x00000000fb425ff0,0x0000000100000000)
  to   space 116224K, 0% used [0x00000000f1d00000,0x00000000f1d00000,0x00000000f8e80000)
 ParOldGen       total 643584K, used 589791K [0x00000000c0000000, 0x00000000e7480000, 0x00000000eaa80000)
  object space 643584K, 91% used [0x00000000c0000000,0x00000000e3ff7f28,0x00000000e7480000)
 PSPermGen       total 21504K, used 6156K [0x00000000bae00000, 0x00000000bc300000, 0x00000000c0000000)
  object space 21504K, 28% used [0x00000000bae00000,0x00000000bb403170,0x00000000bc300000)
}
Event: 23.832 GC heap before
{Heap before GC invocations=37 (full 5):
 PSYoungGen      total 233472K, used 38551K [0x00000000eaa80000, 0x0000000100000000, 0x0000000100000000)
  eden space 117248K, 0% used [0x00000000eaa80000,0x00000000eaa80000,0x00000000f1d00000)
  from space 116224K, 33% used [0x00000000f8e80000,0x00000000fb425ff0,0x0000000100000000)
  to   space 116224K, 0% used [0x00000000f1d00000,0x00000000f1d00000,0x00000000f8e80000)
 ParOldGen       total 643584K, used 589791K [0x00000000c0000000, 0x00000000e7480000, 0x00000000eaa80000)
  object space 643584K, 91% used [0x00000000c0000000,0x00000000e3ff7f28,0x00000000e7480000)
 PSPermGen       total 21504K, used 6156K [0x00000000bae00000, 0x00000000bc300000, 0x00000000c0000000)
  object space 21504K, 28% used [0x00000000bae00000,0x00000000bb403170,0x00000000bc300000)

